{"contracts/Dron.sol":{"l":{"32":1,"33":1,"38":7,"39":7,"43":37,"44":36,"45":35,"46":34,"48":33,"49":33,"50":33,"51":33,"60":33,"61":33,"63":33,"68":1,"69":1,"74":3,"75":2,"76":1,"77":1,"78":1,"83":2,"84":1,"85":1,"90":17,"91":31,"92":13,"95":4,"100":1,"101":1,"102":1,"103":1,"105":0,"109":1,"110":1,"111":1,"112":1,"117":1,"118":1,"119":1,"120":1,"122":0,"126":12,"130":2,"149":15,"154":15,"155":15,"156":12,"158":3},"path":"/mnt/e/xampp/htdocs/front_blockchain_tfe/contracts/Dron.sol","s":{"1":1,"2":7,"3":37,"4":36,"5":35,"6":34,"7":33,"8":33,"9":33,"10":33,"11":33,"12":33,"13":33,"14":1,"15":1,"16":3,"17":2,"18":1,"19":1,"20":1,"21":2,"22":1,"23":1,"24":17,"25":31,"26":13,"27":4,"28":1,"29":1,"30":1,"31":1,"32":0,"33":1,"34":1,"35":1,"36":1,"37":1,"38":1,"39":1,"40":1,"41":0,"42":12,"43":2,"44":15,"45":15,"46":15,"47":12,"48":3},"b":{"1":[1,0],"2":[7,0],"3":[36,1],"4":[35,1],"5":[34,1],"6":[33,1],"7":[2,1],"8":[1,1],"9":[1,1],"10":[13,18],"11":[1,0],"12":[1,0],"13":[1,0],"14":[12,3]},"f":{"1":111,"2":1,"3":7,"4":37,"5":1,"6":3,"7":2,"8":17,"9":1,"10":1,"11":1,"12":12,"13":2,"14":15,"15":15},"fnMap":{"1":{"name":"constructor","line":27,"loc":{"start":{"line":27,"column":4},"end":{"line":28,"column":4}}},"2":{"name":"SoloPropietario","line":31,"loc":{"start":{"line":31,"column":4},"end":{"line":34,"column":4}}},"3":{"name":"SoloEmpresa","line":37,"loc":{"start":{"line":37,"column":4},"end":{"line":40,"column":4}}},"4":{"name":"CrearDron","line":42,"loc":{"start":{"line":42,"column":4},"end":{"line":64,"column":4}}},"5":{"name":"ConfigurarEmpresa","line":66,"loc":{"start":{"line":66,"column":4},"end":{"line":70,"column":4}}},"6":{"name":"ConfigurarAltitud","line":72,"loc":{"start":{"line":72,"column":4},"end":{"line":79,"column":4}}},"7":{"name":"ConfigurarCoste","line":81,"loc":{"start":{"line":81,"column":4},"end":{"line":86,"column":4}}},"8":{"name":"BuscarPesticida","line":88,"loc":{"start":{"line":88,"column":4},"end":{"line":96,"column":4}}},"9":{"name":"AltaPesticida","line":98,"loc":{"start":{"line":98,"column":4},"end":{"line":106,"column":4}}},"10":{"name":"_QuitarPosicionArray","line":108,"loc":{"start":{"line":108,"column":4},"end":{"line":113,"column":4}}},"11":{"name":"BajaPesticida","line":115,"loc":{"start":{"line":115,"column":4},"end":{"line":123,"column":4}}},"12":{"name":"ObtenerInfoDron","line":125,"loc":{"start":{"line":125,"column":4},"end":{"line":127,"column":4}}},"13":{"name":"ObtenerInfoDrones","line":129,"loc":{"start":{"line":129,"column":4},"end":{"line":131,"column":4}}},"14":{"name":"ComprobarAltitud","line":133,"loc":{"start":{"line":133,"column":4},"end":{"line":150,"column":4}}},"15":{"name":"ComprobarPesticida","line":152,"loc":{"start":{"line":152,"column":4},"end":{"line":160,"column":4}}}},"statementMap":{"1":{"start":{"line":32,"column":8},"end":{"line":32,"column":41}},"2":{"start":{"line":38,"column":8},"end":{"line":38,"column":79}},"3":{"start":{"line":43,"column":8},"end":{"line":43,"column":37}},"4":{"start":{"line":44,"column":8},"end":{"line":44,"column":40}},"5":{"start":{"line":45,"column":8},"end":{"line":45,"column":39}},"6":{"start":{"line":46,"column":8},"end":{"line":46,"column":54}},"7":{"start":{"line":48,"column":8},"end":{"line":48,"column":27}},"8":{"start":{"line":49,"column":8},"end":{"line":49,"column":45}},"9":{"start":{"line":50,"column":8},"end":{"line":50,"column":37}},"10":{"start":{"line":51,"column":8},"end":{"line":51,"column":1610}},"11":{"start":{"line":60,"column":8},"end":{"line":60,"column":32}},"12":{"start":{"line":61,"column":8},"end":{"line":61,"column":25}},"13":{"start":{"line":63,"column":8},"end":{"line":63,"column":23}},"14":{"start":{"line":68,"column":8},"end":{"line":68,"column":37}},"15":{"start":{"line":69,"column":8},"end":{"line":69,"column":19}},"16":{"start":{"line":74,"column":8},"end":{"line":74,"column":37}},"17":{"start":{"line":75,"column":8},"end":{"line":75,"column":40}},"18":{"start":{"line":76,"column":8},"end":{"line":76,"column":37}},"19":{"start":{"line":77,"column":8},"end":{"line":77,"column":37}},"20":{"start":{"line":78,"column":8},"end":{"line":78,"column":67}},"21":{"start":{"line":83,"column":8},"end":{"line":83,"column":39}},"22":{"start":{"line":84,"column":8},"end":{"line":84,"column":33}},"23":{"start":{"line":85,"column":8},"end":{"line":85,"column":19}},"24":{"start":{"line":90,"column":8},"end":{"line":90,"column":2837}},"25":{"start":{"line":91,"column":12},"end":{"line":91,"column":2918}},"26":{"start":{"line":92,"column":16},"end":{"line":92,"column":24}},"27":{"start":{"line":95,"column":8},"end":{"line":95,"column":17}},"28":{"start":{"line":100,"column":8},"end":{"line":100,"column":48}},"29":{"start":{"line":101,"column":8},"end":{"line":101,"column":3238}},"30":{"start":{"line":102,"column":12},"end":{"line":102,"column":50}},"31":{"start":{"line":103,"column":12},"end":{"line":103,"column":23}},"32":{"start":{"line":105,"column":8},"end":{"line":105,"column":20}},"33":{"start":{"line":109,"column":8},"end":{"line":109,"column":38}},"34":{"start":{"line":110,"column":8},"end":{"line":110,"column":45}},"35":{"start":{"line":111,"column":8},"end":{"line":111,"column":74}},"36":{"start":{"line":112,"column":8},"end":{"line":112,"column":36}},"37":{"start":{"line":117,"column":8},"end":{"line":117,"column":48}},"38":{"start":{"line":118,"column":8},"end":{"line":118,"column":3850}},"39":{"start":{"line":119,"column":12},"end":{"line":119,"column":46}},"40":{"start":{"line":120,"column":12},"end":{"line":120,"column":23}},"41":{"start":{"line":122,"column":8},"end":{"line":122,"column":20}},"42":{"start":{"line":126,"column":8},"end":{"line":126,"column":26}},"43":{"start":{"line":130,"column":8},"end":{"line":130,"column":21}},"44":{"start":{"line":149,"column":8},"end":{"line":149,"column":19}},"45":{"start":{"line":154,"column":8},"end":{"line":154,"column":48}},"46":{"start":{"line":155,"column":8},"end":{"line":155,"column":5028}},"47":{"start":{"line":156,"column":12},"end":{"line":156,"column":23}},"48":{"start":{"line":158,"column":12},"end":{"line":158,"column":24}}},"branchMap":{"1":{"line":32,"type":"if","locations":[{"start":{"line":32,"column":8},"end":{"line":32,"column":8}},{"start":{"line":32,"column":8},"end":{"line":32,"column":8}}]},"2":{"line":38,"type":"if","locations":[{"start":{"line":38,"column":8},"end":{"line":38,"column":8}},{"start":{"line":38,"column":8},"end":{"line":38,"column":8}}]},"3":{"line":43,"type":"if","locations":[{"start":{"line":43,"column":8},"end":{"line":43,"column":8}},{"start":{"line":43,"column":8},"end":{"line":43,"column":8}}]},"4":{"line":44,"type":"if","locations":[{"start":{"line":44,"column":8},"end":{"line":44,"column":8}},{"start":{"line":44,"column":8},"end":{"line":44,"column":8}}]},"5":{"line":45,"type":"if","locations":[{"start":{"line":45,"column":8},"end":{"line":45,"column":8}},{"start":{"line":45,"column":8},"end":{"line":45,"column":8}}]},"6":{"line":46,"type":"if","locations":[{"start":{"line":46,"column":8},"end":{"line":46,"column":8}},{"start":{"line":46,"column":8},"end":{"line":46,"column":8}}]},"7":{"line":74,"type":"if","locations":[{"start":{"line":74,"column":8},"end":{"line":74,"column":8}},{"start":{"line":74,"column":8},"end":{"line":74,"column":8}}]},"8":{"line":75,"type":"if","locations":[{"start":{"line":75,"column":8},"end":{"line":75,"column":8}},{"start":{"line":75,"column":8},"end":{"line":75,"column":8}}]},"9":{"line":83,"type":"if","locations":[{"start":{"line":83,"column":8},"end":{"line":83,"column":8}},{"start":{"line":83,"column":8},"end":{"line":83,"column":8}}]},"10":{"line":91,"type":"if","locations":[{"start":{"line":91,"column":12},"end":{"line":91,"column":12}},{"start":{"line":91,"column":12},"end":{"line":91,"column":12}}]},"11":{"line":101,"type":"if","locations":[{"start":{"line":101,"column":8},"end":{"line":101,"column":8}},{"start":{"line":101,"column":8},"end":{"line":101,"column":8}}]},"12":{"line":110,"type":"if","locations":[{"start":{"line":110,"column":8},"end":{"line":110,"column":8}},{"start":{"line":110,"column":8},"end":{"line":110,"column":8}}]},"13":{"line":118,"type":"if","locations":[{"start":{"line":118,"column":8},"end":{"line":118,"column":8}},{"start":{"line":118,"column":8},"end":{"line":118,"column":8}}]},"14":{"line":155,"type":"if","locations":[{"start":{"line":155,"column":8},"end":{"line":155,"column":8}},{"start":{"line":155,"column":8},"end":{"line":155,"column":8}}]}}},"contracts/Fumigacion.sol":{"l":{"38":39,"39":39,"40":39,"53":4,"54":3,"56":2,"57":2,"62":11,"64":10,"65":10,"67":10,"75":10,"76":10,"78":10,"83":13,"85":13,"86":13,"88":11,"89":11,"91":11,"96":3,"98":3,"100":3,"103":3,"104":3,"109":5,"113":2},"path":"/mnt/e/xampp/htdocs/front_blockchain_tfe/contracts/Fumigacion.sol","s":{"1":39,"2":39,"3":39,"4":4,"5":3,"6":2,"7":2,"8":11,"9":10,"10":10,"11":10,"12":10,"13":10,"14":10,"15":13,"16":13,"17":13,"18":11,"19":11,"20":11,"21":3,"22":3,"23":3,"24":3,"25":3,"26":5,"27":2},"b":{"1":[3,1],"2":[2,1],"3":[10,1],"4":[11,2],"5":[11,0],"6":[3,0],"7":[3,0]},"f":{"1":39,"2":4,"3":11,"4":13,"5":3,"6":5,"7":2},"fnMap":{"1":{"name":"constructor","line":37,"loc":{"start":{"line":37,"column":4},"end":{"line":41,"column":4}}},"2":{"name":"RealizarFumigacion","line":52,"loc":{"start":{"line":52,"column":4},"end":{"line":58,"column":4}}},"3":{"name":"SolicitarFumigacion","line":60,"loc":{"start":{"line":60,"column":4},"end":{"line":79,"column":4}}},"4":{"name":"ComprobarCompatibilidad","line":81,"loc":{"start":{"line":81,"column":4},"end":{"line":92,"column":4}}},"5":{"name":"PagarFumigacion","line":94,"loc":{"start":{"line":94,"column":4},"end":{"line":106,"column":4}}},"6":{"name":"ObtenerInfoFumigacion","line":108,"loc":{"start":{"line":108,"column":4},"end":{"line":110,"column":4}}},"7":{"name":"ObtenerInfoFumigaciones","line":112,"loc":{"start":{"line":112,"column":4},"end":{"line":114,"column":4}}}},"statementMap":{"1":{"start":{"line":38,"column":8},"end":{"line":38,"column":29}},"2":{"start":{"line":39,"column":8},"end":{"line":39,"column":20}},"3":{"start":{"line":40,"column":8},"end":{"line":40,"column":26}},"4":{"start":{"line":53,"column":8},"end":{"line":53,"column":108}},"5":{"start":{"line":54,"column":8},"end":{"line":54,"column":123}},"6":{"start":{"line":56,"column":8},"end":{"line":56,"column":73}},"7":{"start":{"line":57,"column":8},"end":{"line":57,"column":92}},"8":{"start":{"line":62,"column":8},"end":{"line":62,"column":100}},"9":{"start":{"line":64,"column":8},"end":{"line":64,"column":27}},"10":{"start":{"line":65,"column":8},"end":{"line":65,"column":45}},"11":{"start":{"line":67,"column":8},"end":{"line":67,"column":2453}},"12":{"start":{"line":75,"column":8},"end":{"line":75,"column":53}},"13":{"start":{"line":76,"column":8},"end":{"line":76,"column":36}},"14":{"start":{"line":78,"column":8},"end":{"line":78,"column":23}},"15":{"start":{"line":83,"column":8},"end":{"line":83,"column":88}},"16":{"start":{"line":85,"column":8},"end":{"line":85,"column":82}},"17":{"start":{"line":86,"column":8},"end":{"line":86,"column":102}},"18":{"start":{"line":88,"column":8},"end":{"line":88,"column":102}},"19":{"start":{"line":89,"column":8},"end":{"line":89,"column":81}},"20":{"start":{"line":91,"column":8},"end":{"line":91,"column":19}},"21":{"start":{"line":96,"column":8},"end":{"line":96,"column":119}},"22":{"start":{"line":98,"column":8},"end":{"line":98,"column":137}},"23":{"start":{"line":100,"column":8},"end":{"line":100,"column":95}},"24":{"start":{"line":103,"column":8},"end":{"line":103,"column":4023}},"25":{"start":{"line":104,"column":12},"end":{"line":104,"column":73}},"26":{"start":{"line":109,"column":8},"end":{"line":109,"column":42}},"27":{"start":{"line":113,"column":8},"end":{"line":113,"column":27}}},"branchMap":{"1":{"line":53,"type":"if","locations":[{"start":{"line":53,"column":8},"end":{"line":53,"column":8}},{"start":{"line":53,"column":8},"end":{"line":53,"column":8}}]},"2":{"line":54,"type":"if","locations":[{"start":{"line":54,"column":8},"end":{"line":54,"column":8}},{"start":{"line":54,"column":8},"end":{"line":54,"column":8}}]},"3":{"line":62,"type":"if","locations":[{"start":{"line":62,"column":8},"end":{"line":62,"column":8}},{"start":{"line":62,"column":8},"end":{"line":62,"column":8}}]},"4":{"line":86,"type":"if","locations":[{"start":{"line":86,"column":8},"end":{"line":86,"column":8}},{"start":{"line":86,"column":8},"end":{"line":86,"column":8}}]},"5":{"line":89,"type":"if","locations":[{"start":{"line":89,"column":8},"end":{"line":89,"column":8}},{"start":{"line":89,"column":8},"end":{"line":89,"column":8}}]},"6":{"line":100,"type":"if","locations":[{"start":{"line":100,"column":8},"end":{"line":100,"column":8}},{"start":{"line":100,"column":8},"end":{"line":100,"column":8}}]},"7":{"line":103,"type":"if","locations":[{"start":{"line":103,"column":8},"end":{"line":103,"column":8}},{"start":{"line":103,"column":8},"end":{"line":103,"column":8}}]}}},"contracts/FumiToken.sol":{"l":{"17":0},"path":"/mnt/e/xampp/htdocs/front_blockchain_tfe/contracts/FumiToken.sol","s":{"1":0},"b":{},"f":{"1":0,"2":0},"fnMap":{"1":{"name":"constructor","line":10,"loc":{"start":{"line":10,"column":4},"end":{"line":11,"column":4}}},"2":{"name":"mint","line":15,"loc":{"start":{"line":13,"column":4},"end":{"line":18,"column":4}}}},"statementMap":{"1":{"start":{"line":17,"column":8},"end":{"line":17,"column":24}}},"branchMap":{}},"contracts/Parcela.sol":{"l":{"32":26,"33":26,"37":26,"38":3,"40":2,"41":1,"42":1,"44":1,"52":1,"53":1,"55":1,"60":21,"61":2,"62":4,"63":4,"64":1,"69":3,"70":3,"74":2,"78":1,"83":1,"84":0,"86":0,"87":0,"89":0,"90":0,"92":0,"93":0},"path":"/mnt/e/xampp/htdocs/front_blockchain_tfe/contracts/Parcela.sol","s":{"1":26,"2":3,"3":2,"4":2,"5":1,"6":1,"7":1,"8":1,"9":1,"10":1,"11":2,"12":4,"13":4,"14":4,"15":1,"16":3,"17":2,"18":1,"19":1,"20":0,"21":0,"22":0,"23":0,"24":0,"25":0,"26":0,"27":0},"b":{"1":[26,0],"2":[3,23],"3":[2,1],"4":[2,19],"5":[4,0],"6":[0,0],"7":[0,0],"8":[0,0]},"f":{"1":26,"2":26,"3":26,"4":21,"5":1,"6":2,"7":1,"8":1},"fnMap":{"1":{"name":"constructor","line":27,"loc":{"start":{"line":27,"column":4},"end":{"line":28,"column":4}}},"2":{"name":"SoloPropietario","line":31,"loc":{"start":{"line":31,"column":4},"end":{"line":34,"column":4}}},"3":{"name":"CrearParcela","line":36,"loc":{"start":{"line":36,"column":4},"end":{"line":56,"column":4}}},"4":{"name":"ConfigurarAltitud","line":58,"loc":{"start":{"line":58,"column":4},"end":{"line":65,"column":4}}},"5":{"name":"ConfigurarPesticida","line":67,"loc":{"start":{"line":67,"column":4},"end":{"line":71,"column":4}}},"6":{"name":"ObtenerInfoParcela","line":73,"loc":{"start":{"line":73,"column":4},"end":{"line":75,"column":4}}},"7":{"name":"ObtenerInfoParcelas","line":77,"loc":{"start":{"line":77,"column":4},"end":{"line":79,"column":4}}},"8":{"name":"ComprobarAltitud","line":81,"loc":{"start":{"line":81,"column":4},"end":{"line":97,"column":4}}}},"statementMap":{"1":{"start":{"line":32,"column":8},"end":{"line":32,"column":41}},"2":{"start":{"line":37,"column":8},"end":{"line":37,"column":73}},"3":{"start":{"line":38,"column":8},"end":{"line":38,"column":90}},"4":{"start":{"line":40,"column":8},"end":{"line":40,"column":27}},"5":{"start":{"line":41,"column":8},"end":{"line":41,"column":45}},"6":{"start":{"line":42,"column":8},"end":{"line":42,"column":37}},"7":{"start":{"line":44,"column":8},"end":{"line":44,"column":1366}},"8":{"start":{"line":52,"column":8},"end":{"line":52,"column":37}},"9":{"start":{"line":53,"column":8},"end":{"line":53,"column":30}},"10":{"start":{"line":55,"column":8},"end":{"line":55,"column":23}},"11":{"start":{"line":60,"column":8},"end":{"line":60,"column":73}},"12":{"start":{"line":61,"column":8},"end":{"line":61,"column":90}},"13":{"start":{"line":62,"column":8},"end":{"line":62,"column":39}},"14":{"start":{"line":63,"column":8},"end":{"line":63,"column":39}},"15":{"start":{"line":64,"column":8},"end":{"line":64,"column":73}},"16":{"start":{"line":69,"column":8},"end":{"line":69,"column":43}},"17":{"start":{"line":70,"column":8},"end":{"line":70,"column":19}},"18":{"start":{"line":74,"column":8},"end":{"line":74,"column":28}},"19":{"start":{"line":78,"column":8},"end":{"line":78,"column":23}},"20":{"start":{"line":83,"column":8},"end":{"line":83,"column":48}},"21":{"start":{"line":84,"column":8},"end":{"line":84,"column":48}},"22":{"start":{"line":86,"column":8},"end":{"line":86,"column":2824}},"23":{"start":{"line":87,"column":12},"end":{"line":87,"column":24}},"24":{"start":{"line":89,"column":12},"end":{"line":89,"column":2937}},"25":{"start":{"line":90,"column":16},"end":{"line":90,"column":27}},"26":{"start":{"line":92,"column":16},"end":{"line":92,"column":3078}},"27":{"start":{"line":93,"column":20},"end":{"line":93,"column":31}}},"branchMap":{"1":{"line":32,"type":"if","locations":[{"start":{"line":32,"column":8},"end":{"line":32,"column":8}},{"start":{"line":32,"column":8},"end":{"line":32,"column":8}}]},"2":{"line":37,"type":"if","locations":[{"start":{"line":37,"column":8},"end":{"line":37,"column":8}},{"start":{"line":37,"column":8},"end":{"line":37,"column":8}}]},"3":{"line":38,"type":"if","locations":[{"start":{"line":38,"column":8},"end":{"line":38,"column":8}},{"start":{"line":38,"column":8},"end":{"line":38,"column":8}}]},"4":{"line":60,"type":"if","locations":[{"start":{"line":60,"column":8},"end":{"line":60,"column":8}},{"start":{"line":60,"column":8},"end":{"line":60,"column":8}}]},"5":{"line":61,"type":"if","locations":[{"start":{"line":61,"column":8},"end":{"line":61,"column":8}},{"start":{"line":61,"column":8},"end":{"line":61,"column":8}}]},"6":{"line":86,"type":"if","locations":[{"start":{"line":86,"column":8},"end":{"line":86,"column":8}},{"start":{"line":86,"column":8},"end":{"line":86,"column":8}}]},"7":{"line":89,"type":"if","locations":[{"start":{"line":89,"column":12},"end":{"line":89,"column":12}},{"start":{"line":89,"column":12},"end":{"line":89,"column":12}}]},"8":{"line":92,"type":"if","locations":[{"start":{"line":92,"column":16},"end":{"line":92,"column":16}},{"start":{"line":92,"column":16},"end":{"line":92,"column":16}}]}}},"contracts/Tipos.sol":{"l":{},"path":"/mnt/e/xampp/htdocs/front_blockchain_tfe/contracts/Tipos.sol","s":{},"b":{},"f":{},"fnMap":{},"statementMap":{},"branchMap":{}}}