{"contracts/Dron.sol":{"l":{"32":1,"33":1,"38":7,"39":7,"43":37,"44":36,"45":35,"46":34,"48":33,"49":33,"50":33,"51":33,"60":33,"61":33,"63":33,"68":1,"69":1,"70":1,"75":3,"76":2,"80":1,"81":1,"82":1,"83":1,"84":1,"89":2,"90":1,"91":1,"92":1,"97":17,"98":31,"99":13,"102":4,"107":1,"108":1,"109":1,"110":1,"111":1,"113":0,"117":1,"118":1,"119":1,"120":1,"121":1,"126":1,"127":1,"128":1,"129":1,"131":0,"135":12,"139":2,"144":15,"145":15,"147":15,"148":3,"150":12,"151":11,"153":1,"154":1,"162":15,"163":15,"164":12,"166":3},"path":"/Users/trabajo/Documents/apps/front_blockchain_tfe/contracts/Dron.sol","s":{"1":1,"2":7,"3":37,"4":36,"5":35,"6":34,"7":33,"8":33,"9":33,"10":33,"11":33,"12":33,"13":33,"14":1,"15":1,"16":1,"17":3,"18":2,"19":1,"20":1,"21":1,"22":1,"23":1,"24":2,"25":1,"26":1,"27":1,"28":17,"29":31,"30":13,"31":4,"32":1,"33":1,"34":1,"35":1,"36":1,"37":0,"38":1,"39":1,"40":1,"41":1,"42":1,"43":1,"44":1,"45":1,"46":1,"47":0,"48":12,"49":2,"50":15,"51":15,"52":15,"53":3,"54":12,"55":11,"56":1,"57":1,"58":15,"59":15,"60":12,"61":3},"b":{"1":[1,0],"2":[7,0],"3":[36,1],"4":[35,1],"5":[34,1],"6":[33,1],"7":[2,1],"8":[1,1],"9":[1,1],"10":[13,18],"11":[1,0],"12":[1,0],"13":[1,0],"14":[3,12],"15":[11,1],"16":[1,0],"17":[12,3]},"f":{"1":111,"2":1,"3":7,"4":37,"5":1,"6":3,"7":2,"8":17,"9":1,"10":1,"11":1,"12":12,"13":2,"14":15,"15":15},"fnMap":{"1":{"name":"constructor","line":27,"loc":{"start":{"line":27,"column":4},"end":{"line":28,"column":4}}},"2":{"name":"SoloPropietario","line":31,"loc":{"start":{"line":31,"column":4},"end":{"line":34,"column":4}}},"3":{"name":"SoloEmpresa","line":37,"loc":{"start":{"line":37,"column":4},"end":{"line":40,"column":4}}},"4":{"name":"CrearDron","line":42,"loc":{"start":{"line":42,"column":4},"end":{"line":64,"column":4}}},"5":{"name":"ConfigurarEmpresa","line":66,"loc":{"start":{"line":66,"column":4},"end":{"line":71,"column":4}}},"6":{"name":"ConfigurarAltitud","line":73,"loc":{"start":{"line":73,"column":4},"end":{"line":85,"column":4}}},"7":{"name":"ConfigurarCoste","line":87,"loc":{"start":{"line":87,"column":4},"end":{"line":93,"column":4}}},"8":{"name":"BuscarPesticida","line":95,"loc":{"start":{"line":95,"column":4},"end":{"line":103,"column":4}}},"9":{"name":"AltaPesticida","line":105,"loc":{"start":{"line":105,"column":4},"end":{"line":114,"column":4}}},"10":{"name":"_QuitarPosicionArray","line":116,"loc":{"start":{"line":116,"column":4},"end":{"line":122,"column":4}}},"11":{"name":"BajaPesticida","line":124,"loc":{"start":{"line":124,"column":4},"end":{"line":132,"column":4}}},"12":{"name":"ObtenerInfoDron","line":134,"loc":{"start":{"line":134,"column":4},"end":{"line":136,"column":4}}},"13":{"name":"ObtenerInfoDrones","line":138,"loc":{"start":{"line":138,"column":4},"end":{"line":140,"column":4}}},"14":{"name":"ComprobarAltitud","line":142,"loc":{"start":{"line":142,"column":4},"end":{"line":158,"column":4}}},"15":{"name":"ComprobarPesticida","line":160,"loc":{"start":{"line":160,"column":4},"end":{"line":168,"column":4}}}},"statementMap":{"1":{"start":{"line":32,"column":8},"end":{"line":32,"column":41}},"2":{"start":{"line":38,"column":8},"end":{"line":38,"column":79}},"3":{"start":{"line":43,"column":8},"end":{"line":43,"column":37}},"4":{"start":{"line":44,"column":8},"end":{"line":44,"column":40}},"5":{"start":{"line":45,"column":8},"end":{"line":45,"column":39}},"6":{"start":{"line":46,"column":8},"end":{"line":46,"column":54}},"7":{"start":{"line":48,"column":8},"end":{"line":48,"column":27}},"8":{"start":{"line":49,"column":8},"end":{"line":49,"column":45}},"9":{"start":{"line":50,"column":8},"end":{"line":50,"column":37}},"10":{"start":{"line":51,"column":8},"end":{"line":51,"column":1610}},"11":{"start":{"line":60,"column":8},"end":{"line":60,"column":32}},"12":{"start":{"line":61,"column":8},"end":{"line":61,"column":25}},"13":{"start":{"line":63,"column":8},"end":{"line":63,"column":23}},"14":{"start":{"line":68,"column":8},"end":{"line":68,"column":37}},"15":{"start":{"line":69,"column":8},"end":{"line":69,"column":38}},"16":{"start":{"line":70,"column":8},"end":{"line":70,"column":19}},"17":{"start":{"line":75,"column":8},"end":{"line":75,"column":37}},"18":{"start":{"line":76,"column":8},"end":{"line":76,"column":40}},"19":{"start":{"line":80,"column":8},"end":{"line":80,"column":37}},"20":{"start":{"line":81,"column":8},"end":{"line":81,"column":37}},"21":{"start":{"line":82,"column":8},"end":{"line":82,"column":40}},"22":{"start":{"line":83,"column":8},"end":{"line":83,"column":40}},"23":{"start":{"line":84,"column":8},"end":{"line":84,"column":67}},"24":{"start":{"line":89,"column":8},"end":{"line":89,"column":39}},"25":{"start":{"line":90,"column":8},"end":{"line":90,"column":33}},"26":{"start":{"line":91,"column":8},"end":{"line":91,"column":34}},"27":{"start":{"line":92,"column":8},"end":{"line":92,"column":19}},"28":{"start":{"line":97,"column":8},"end":{"line":97,"column":3058}},"29":{"start":{"line":98,"column":12},"end":{"line":98,"column":3139}},"30":{"start":{"line":99,"column":16},"end":{"line":99,"column":24}},"31":{"start":{"line":102,"column":8},"end":{"line":102,"column":17}},"32":{"start":{"line":107,"column":8},"end":{"line":107,"column":48}},"33":{"start":{"line":108,"column":8},"end":{"line":108,"column":3459}},"34":{"start":{"line":109,"column":12},"end":{"line":109,"column":50}},"35":{"start":{"line":110,"column":12},"end":{"line":110,"column":51}},"36":{"start":{"line":111,"column":12},"end":{"line":111,"column":23}},"37":{"start":{"line":113,"column":8},"end":{"line":113,"column":20}},"38":{"start":{"line":117,"column":8},"end":{"line":117,"column":38}},"39":{"start":{"line":118,"column":8},"end":{"line":118,"column":45}},"40":{"start":{"line":119,"column":8},"end":{"line":119,"column":81}},"41":{"start":{"line":120,"column":8},"end":{"line":120,"column":36}},"42":{"start":{"line":121,"column":8},"end":{"line":121,"column":37}},"43":{"start":{"line":126,"column":8},"end":{"line":126,"column":48}},"44":{"start":{"line":127,"column":8},"end":{"line":127,"column":4174}},"45":{"start":{"line":128,"column":12},"end":{"line":128,"column":46}},"46":{"start":{"line":129,"column":12},"end":{"line":129,"column":23}},"47":{"start":{"line":131,"column":8},"end":{"line":131,"column":20}},"48":{"start":{"line":135,"column":8},"end":{"line":135,"column":26}},"49":{"start":{"line":139,"column":8},"end":{"line":139,"column":21}},"50":{"start":{"line":144,"column":8},"end":{"line":144,"column":46}},"51":{"start":{"line":145,"column":8},"end":{"line":145,"column":46}},"52":{"start":{"line":147,"column":8},"end":{"line":147,"column":4748}},"53":{"start":{"line":148,"column":12},"end":{"line":148,"column":24}},"54":{"start":{"line":150,"column":12},"end":{"line":150,"column":4861}},"55":{"start":{"line":151,"column":16},"end":{"line":151,"column":27}},"56":{"start":{"line":153,"column":16},"end":{"line":153,"column":5002}},"57":{"start":{"line":154,"column":20},"end":{"line":154,"column":31}},"58":{"start":{"line":162,"column":8},"end":{"line":162,"column":48}},"59":{"start":{"line":163,"column":8},"end":{"line":163,"column":5326}},"60":{"start":{"line":164,"column":12},"end":{"line":164,"column":23}},"61":{"start":{"line":166,"column":12},"end":{"line":166,"column":24}}},"branchMap":{"1":{"line":32,"type":"if","locations":[{"start":{"line":32,"column":8},"end":{"line":32,"column":8}},{"start":{"line":32,"column":8},"end":{"line":32,"column":8}}]},"2":{"line":38,"type":"if","locations":[{"start":{"line":38,"column":8},"end":{"line":38,"column":8}},{"start":{"line":38,"column":8},"end":{"line":38,"column":8}}]},"3":{"line":43,"type":"if","locations":[{"start":{"line":43,"column":8},"end":{"line":43,"column":8}},{"start":{"line":43,"column":8},"end":{"line":43,"column":8}}]},"4":{"line":44,"type":"if","locations":[{"start":{"line":44,"column":8},"end":{"line":44,"column":8}},{"start":{"line":44,"column":8},"end":{"line":44,"column":8}}]},"5":{"line":45,"type":"if","locations":[{"start":{"line":45,"column":8},"end":{"line":45,"column":8}},{"start":{"line":45,"column":8},"end":{"line":45,"column":8}}]},"6":{"line":46,"type":"if","locations":[{"start":{"line":46,"column":8},"end":{"line":46,"column":8}},{"start":{"line":46,"column":8},"end":{"line":46,"column":8}}]},"7":{"line":75,"type":"if","locations":[{"start":{"line":75,"column":8},"end":{"line":75,"column":8}},{"start":{"line":75,"column":8},"end":{"line":75,"column":8}}]},"8":{"line":76,"type":"if","locations":[{"start":{"line":76,"column":8},"end":{"line":76,"column":8}},{"start":{"line":76,"column":8},"end":{"line":76,"column":8}}]},"9":{"line":89,"type":"if","locations":[{"start":{"line":89,"column":8},"end":{"line":89,"column":8}},{"start":{"line":89,"column":8},"end":{"line":89,"column":8}}]},"10":{"line":98,"type":"if","locations":[{"start":{"line":98,"column":12},"end":{"line":98,"column":12}},{"start":{"line":98,"column":12},"end":{"line":98,"column":12}}]},"11":{"line":108,"type":"if","locations":[{"start":{"line":108,"column":8},"end":{"line":108,"column":8}},{"start":{"line":108,"column":8},"end":{"line":108,"column":8}}]},"12":{"line":118,"type":"if","locations":[{"start":{"line":118,"column":8},"end":{"line":118,"column":8}},{"start":{"line":118,"column":8},"end":{"line":118,"column":8}}]},"13":{"line":127,"type":"if","locations":[{"start":{"line":127,"column":8},"end":{"line":127,"column":8}},{"start":{"line":127,"column":8},"end":{"line":127,"column":8}}]},"14":{"line":147,"type":"if","locations":[{"start":{"line":147,"column":8},"end":{"line":147,"column":8}},{"start":{"line":147,"column":8},"end":{"line":147,"column":8}}]},"15":{"line":150,"type":"if","locations":[{"start":{"line":150,"column":12},"end":{"line":150,"column":12}},{"start":{"line":150,"column":12},"end":{"line":150,"column":12}}]},"16":{"line":153,"type":"if","locations":[{"start":{"line":153,"column":16},"end":{"line":153,"column":16}},{"start":{"line":153,"column":16},"end":{"line":153,"column":16}}]},"17":{"line":163,"type":"if","locations":[{"start":{"line":163,"column":8},"end":{"line":163,"column":8}},{"start":{"line":163,"column":8},"end":{"line":163,"column":8}}]}}},"contracts/Fumigacion.sol":{"l":{"38":39,"39":39,"40":39,"53":4,"54":3,"56":2,"57":2,"58":2,"63":11,"65":9,"66":9,"68":9,"76":9,"77":9,"79":9,"84":13,"86":13,"87":13,"89":11,"90":11,"92":9,"97":3,"99":3,"101":3,"104":3,"105":3,"106":3,"111":5,"115":2},"path":"/Users/trabajo/Documents/apps/front_blockchain_tfe/contracts/Fumigacion.sol","s":{"1":39,"2":39,"3":39,"4":4,"5":3,"6":2,"7":2,"8":2,"9":11,"10":9,"11":9,"12":9,"13":9,"14":9,"15":9,"16":13,"17":13,"18":13,"19":11,"20":11,"21":9,"22":3,"23":3,"24":3,"25":3,"26":3,"27":3,"28":5,"29":2},"b":{"1":[3,1],"2":[2,1],"3":[9,2],"4":[11,2],"5":[9,2],"6":[3,0],"7":[3,0]},"f":{"1":39,"2":4,"3":11,"4":13,"5":3,"6":5,"7":2},"fnMap":{"1":{"name":"constructor","line":37,"loc":{"start":{"line":37,"column":4},"end":{"line":41,"column":4}}},"2":{"name":"RealizarFumigacion","line":52,"loc":{"start":{"line":52,"column":4},"end":{"line":59,"column":4}}},"3":{"name":"SolicitarFumigacion","line":61,"loc":{"start":{"line":61,"column":4},"end":{"line":80,"column":4}}},"4":{"name":"ComprobarCompatibilidad","line":82,"loc":{"start":{"line":82,"column":4},"end":{"line":93,"column":4}}},"5":{"name":"PagarFumigacion","line":95,"loc":{"start":{"line":95,"column":4},"end":{"line":108,"column":4}}},"6":{"name":"ObtenerInfoFumigacion","line":110,"loc":{"start":{"line":110,"column":4},"end":{"line":112,"column":4}}},"7":{"name":"ObtenerInfoFumigaciones","line":114,"loc":{"start":{"line":114,"column":4},"end":{"line":116,"column":4}}}},"statementMap":{"1":{"start":{"line":38,"column":8},"end":{"line":38,"column":29}},"2":{"start":{"line":39,"column":8},"end":{"line":39,"column":20}},"3":{"start":{"line":40,"column":8},"end":{"line":40,"column":26}},"4":{"start":{"line":53,"column":8},"end":{"line":53,"column":108}},"5":{"start":{"line":54,"column":8},"end":{"line":54,"column":123}},"6":{"start":{"line":56,"column":8},"end":{"line":56,"column":73}},"7":{"start":{"line":57,"column":8},"end":{"line":57,"column":64}},"8":{"start":{"line":58,"column":8},"end":{"line":58,"column":92}},"9":{"start":{"line":63,"column":8},"end":{"line":63,"column":100}},"10":{"start":{"line":65,"column":8},"end":{"line":65,"column":27}},"11":{"start":{"line":66,"column":8},"end":{"line":66,"column":45}},"12":{"start":{"line":68,"column":8},"end":{"line":68,"column":2521}},"13":{"start":{"line":76,"column":8},"end":{"line":76,"column":53}},"14":{"start":{"line":77,"column":8},"end":{"line":77,"column":36}},"15":{"start":{"line":79,"column":8},"end":{"line":79,"column":23}},"16":{"start":{"line":84,"column":8},"end":{"line":84,"column":88}},"17":{"start":{"line":86,"column":8},"end":{"line":86,"column":82}},"18":{"start":{"line":87,"column":8},"end":{"line":87,"column":102}},"19":{"start":{"line":89,"column":8},"end":{"line":89,"column":102}},"20":{"start":{"line":90,"column":8},"end":{"line":90,"column":81}},"21":{"start":{"line":92,"column":8},"end":{"line":92,"column":19}},"22":{"start":{"line":97,"column":8},"end":{"line":97,"column":119}},"23":{"start":{"line":99,"column":8},"end":{"line":99,"column":137}},"24":{"start":{"line":101,"column":8},"end":{"line":101,"column":95}},"25":{"start":{"line":104,"column":8},"end":{"line":104,"column":4091}},"26":{"start":{"line":105,"column":12},"end":{"line":105,"column":73}},"27":{"start":{"line":106,"column":12},"end":{"line":106,"column":64}},"28":{"start":{"line":111,"column":8},"end":{"line":111,"column":42}},"29":{"start":{"line":115,"column":8},"end":{"line":115,"column":27}}},"branchMap":{"1":{"line":53,"type":"if","locations":[{"start":{"line":53,"column":8},"end":{"line":53,"column":8}},{"start":{"line":53,"column":8},"end":{"line":53,"column":8}}]},"2":{"line":54,"type":"if","locations":[{"start":{"line":54,"column":8},"end":{"line":54,"column":8}},{"start":{"line":54,"column":8},"end":{"line":54,"column":8}}]},"3":{"line":63,"type":"if","locations":[{"start":{"line":63,"column":8},"end":{"line":63,"column":8}},{"start":{"line":63,"column":8},"end":{"line":63,"column":8}}]},"4":{"line":87,"type":"if","locations":[{"start":{"line":87,"column":8},"end":{"line":87,"column":8}},{"start":{"line":87,"column":8},"end":{"line":87,"column":8}}]},"5":{"line":90,"type":"if","locations":[{"start":{"line":90,"column":8},"end":{"line":90,"column":8}},{"start":{"line":90,"column":8},"end":{"line":90,"column":8}}]},"6":{"line":101,"type":"if","locations":[{"start":{"line":101,"column":8},"end":{"line":101,"column":8}},{"start":{"line":101,"column":8},"end":{"line":101,"column":8}}]},"7":{"line":104,"type":"if","locations":[{"start":{"line":104,"column":8},"end":{"line":104,"column":8}},{"start":{"line":104,"column":8},"end":{"line":104,"column":8}}]}}},"contracts/FumiToken.sol":{"l":{"17":13},"path":"/Users/trabajo/Documents/apps/front_blockchain_tfe/contracts/FumiToken.sol","s":{"1":13},"b":{},"f":{"1":39,"2":13},"fnMap":{"1":{"name":"constructor","line":10,"loc":{"start":{"line":10,"column":4},"end":{"line":11,"column":4}}},"2":{"name":"mint","line":15,"loc":{"start":{"line":13,"column":4},"end":{"line":18,"column":4}}}},"statementMap":{"1":{"start":{"line":17,"column":8},"end":{"line":17,"column":24}}},"branchMap":{}},"contracts/Parcela.sol":{"l":{"32":4,"33":4,"37":28,"38":27,"40":26,"41":26,"42":26,"44":26,"52":26,"53":26,"55":26,"60":3,"61":2,"62":1,"63":1,"64":1,"65":1,"66":1,"71":1,"72":1,"73":1,"77":21,"81":2,"86":4,"87":4,"89":4,"90":1,"92":3,"93":2,"95":1,"96":1},"path":"/Users/trabajo/Documents/apps/front_blockchain_tfe/contracts/Parcela.sol","s":{"1":4,"2":28,"3":27,"4":26,"5":26,"6":26,"7":26,"8":26,"9":26,"10":26,"11":3,"12":2,"13":1,"14":1,"15":1,"16":1,"17":1,"18":1,"19":1,"20":1,"21":21,"22":2,"23":4,"24":4,"25":4,"26":1,"27":3,"28":2,"29":1,"30":1},"b":{"1":[4,0],"2":[27,1],"3":[26,1],"4":[2,1],"5":[1,1],"6":[1,3],"7":[2,1],"8":[1,0]},"f":{"1":84,"2":4,"3":28,"4":3,"5":1,"6":21,"7":2,"8":4},"fnMap":{"1":{"name":"constructor","line":27,"loc":{"start":{"line":27,"column":4},"end":{"line":28,"column":4}}},"2":{"name":"SoloPropietario","line":31,"loc":{"start":{"line":31,"column":4},"end":{"line":34,"column":4}}},"3":{"name":"CrearParcela","line":36,"loc":{"start":{"line":36,"column":4},"end":{"line":56,"column":4}}},"4":{"name":"ConfigurarAltitud","line":58,"loc":{"start":{"line":58,"column":4},"end":{"line":67,"column":4}}},"5":{"name":"ConfigurarPesticida","line":69,"loc":{"start":{"line":69,"column":4},"end":{"line":74,"column":4}}},"6":{"name":"ObtenerInfoParcela","line":76,"loc":{"start":{"line":76,"column":4},"end":{"line":78,"column":4}}},"7":{"name":"ObtenerInfoParcelas","line":80,"loc":{"start":{"line":80,"column":4},"end":{"line":82,"column":4}}},"8":{"name":"ComprobarAltitud","line":84,"loc":{"start":{"line":84,"column":4},"end":{"line":100,"column":4}}}},"statementMap":{"1":{"start":{"line":32,"column":8},"end":{"line":32,"column":41}},"2":{"start":{"line":37,"column":8},"end":{"line":37,"column":73}},"3":{"start":{"line":38,"column":8},"end":{"line":38,"column":90}},"4":{"start":{"line":40,"column":8},"end":{"line":40,"column":27}},"5":{"start":{"line":41,"column":8},"end":{"line":41,"column":45}},"6":{"start":{"line":42,"column":8},"end":{"line":42,"column":37}},"7":{"start":{"line":44,"column":8},"end":{"line":44,"column":1366}},"8":{"start":{"line":52,"column":8},"end":{"line":52,"column":37}},"9":{"start":{"line":53,"column":8},"end":{"line":53,"column":30}},"10":{"start":{"line":55,"column":8},"end":{"line":55,"column":23}},"11":{"start":{"line":60,"column":8},"end":{"line":60,"column":73}},"12":{"start":{"line":61,"column":8},"end":{"line":61,"column":90}},"13":{"start":{"line":62,"column":8},"end":{"line":62,"column":39}},"14":{"start":{"line":63,"column":8},"end":{"line":63,"column":39}},"15":{"start":{"line":64,"column":8},"end":{"line":64,"column":40}},"16":{"start":{"line":65,"column":8},"end":{"line":65,"column":40}},"17":{"start":{"line":66,"column":8},"end":{"line":66,"column":73}},"18":{"start":{"line":71,"column":8},"end":{"line":71,"column":43}},"19":{"start":{"line":72,"column":8},"end":{"line":72,"column":44}},"20":{"start":{"line":73,"column":8},"end":{"line":73,"column":19}},"21":{"start":{"line":77,"column":8},"end":{"line":77,"column":28}},"22":{"start":{"line":81,"column":8},"end":{"line":81,"column":23}},"23":{"start":{"line":86,"column":8},"end":{"line":86,"column":48}},"24":{"start":{"line":87,"column":8},"end":{"line":87,"column":48}},"25":{"start":{"line":89,"column":8},"end":{"line":89,"column":2960}},"26":{"start":{"line":90,"column":12},"end":{"line":90,"column":24}},"27":{"start":{"line":92,"column":12},"end":{"line":92,"column":3073}},"28":{"start":{"line":93,"column":16},"end":{"line":93,"column":27}},"29":{"start":{"line":95,"column":16},"end":{"line":95,"column":3214}},"30":{"start":{"line":96,"column":20},"end":{"line":96,"column":31}}},"branchMap":{"1":{"line":32,"type":"if","locations":[{"start":{"line":32,"column":8},"end":{"line":32,"column":8}},{"start":{"line":32,"column":8},"end":{"line":32,"column":8}}]},"2":{"line":37,"type":"if","locations":[{"start":{"line":37,"column":8},"end":{"line":37,"column":8}},{"start":{"line":37,"column":8},"end":{"line":37,"column":8}}]},"3":{"line":38,"type":"if","locations":[{"start":{"line":38,"column":8},"end":{"line":38,"column":8}},{"start":{"line":38,"column":8},"end":{"line":38,"column":8}}]},"4":{"line":60,"type":"if","locations":[{"start":{"line":60,"column":8},"end":{"line":60,"column":8}},{"start":{"line":60,"column":8},"end":{"line":60,"column":8}}]},"5":{"line":61,"type":"if","locations":[{"start":{"line":61,"column":8},"end":{"line":61,"column":8}},{"start":{"line":61,"column":8},"end":{"line":61,"column":8}}]},"6":{"line":89,"type":"if","locations":[{"start":{"line":89,"column":8},"end":{"line":89,"column":8}},{"start":{"line":89,"column":8},"end":{"line":89,"column":8}}]},"7":{"line":92,"type":"if","locations":[{"start":{"line":92,"column":12},"end":{"line":92,"column":12}},{"start":{"line":92,"column":12},"end":{"line":92,"column":12}}]},"8":{"line":95,"type":"if","locations":[{"start":{"line":95,"column":16},"end":{"line":95,"column":16}},{"start":{"line":95,"column":16},"end":{"line":95,"column":16}}]}}},"contracts/Tipos.sol":{"l":{},"path":"/Users/trabajo/Documents/apps/front_blockchain_tfe/contracts/Tipos.sol","s":{},"b":{},"f":{},"fnMap":{},"statementMap":{},"branchMap":{}}}