{
"contracts/Dron.sol":{"l":{"32":1,"33":1,"38":8,"39":8,"43":26,"44":22,"45":20,"46":18,"48":16,"49":16,"50":16,"51":16,"60":16,"61":16,"63":16,"68":1,"69":1,"74":5,"75":3,"76":1,"77":1,"78":1,"83":3,"84":1,"85":1,"90":4,"91":4,"92":1,"95":3,"100":0,"101":0,"102":0,"104":0,"105":0,"110":0,"111":0,"112":0,"117":0,"118":0,"119":0,"120":0,"122":0,"127":5,"131":1,"136":2,"137":2,"139":0,"140":0,"142":0,"143":0,"145":0,"153":2,"154":2,"155":0,"157":2},"path":"/Users/trabajo/Documents/apps/front_blockchain_tfe/contracts/Dron.sol","s":{"1":1,"2":8,"3":26,"4":22,"5":20,"6":18,"7":16,"8":16,"9":16,"10":16,"11":16,"12":16,"13":16,"14":1,"15":1,"16":5,"17":3,"18":1,"19":1,"20":1,"21":3,"22":1,"23":1,"24":4,"25":4,"26":1,"27":3,"28":0,"29":0,"30":0,"31":0,"32":0,"33":0,"34":0,"35":0,"36":0,"37":0,"38":0,"39":0,"40":0,"41":5,"42":1,"43":2,"44":2,"45":0,"46":0,"47":0,"48":0,"49":0,"50":2,"51":2,"52":0,"53":2},"b":{"1":[1,0],"2":[8,0],"3":[22,4],"4":[20,2],"5":[18,2],"6":[16,2],"7":[3,2],"8":[1,2],"9":[1,2],"10":[1,3],"11":[0,0],"12":[0,0],"13":[0,0],"14":[2,0],"15":[0,0],"16":[0,0],"17":[0,2]},"f":{"1":5,"2":1,"3":8,"4":26,"5":1,"6":5,"7":3,"8":4,"9":0,"10":0,"11":0,"12":5,"13":1,"14":2,"15":2},"fnMap":{"1":{"name":"constructor","line":27,"loc":{"start":{"line":27,"column":4},"end":{"line":28,"column":4}}},"2":{"name":"SoloPropietario","line":31,"loc":{"start":{"line":31,"column":4},"end":{"line":34,"column":4}}},"3":{"name":"SoloEmpresa","line":37,"loc":{"start":{"line":37,"column":4},"end":{"line":40,"column":4}}},"4":{"name":"CrearDron","line":42,"loc":{"start":{"line":42,"column":4},"end":{"line":64,"column":4}}},"5":{"name":"ConfigurarEmpresa","line":66,"loc":{"start":{"line":66,"column":4},"end":{"line":70,"column":4}}},"6":{"name":"ConfigurarAltitud","line":72,"loc":{"start":{"line":72,"column":4},"end":{"line":79,"column":4}}},"7":{"name":"ConfigurarCoste","line":81,"loc":{"start":{"line":81,"column":4},"end":{"line":86,"column":4}}},"8":{"name":"BuscarPesticida","line":88,"loc":{"start":{"line":88,"column":4},"end":{"line":96,"column":4}}},"9":{"name":"AltaPesticida","line":98,"loc":{"start":{"line":98,"column":4},"end":{"line":107,"column":4}}},"10":{"name":"_QuitarPosicionArray","line":109,"loc":{"start":{"line":109,"column":4},"end":{"line":113,"column":4}}},"11":{"name":"BajaPesticida","line":115,"loc":{"start":{"line":115,"column":4},"end":{"line":124,"column":4}}},"12":{"name":"ObtenerInfoDron","line":126,"loc":{"start":{"line":126,"column":4},"end":{"line":128,"column":4}}},"13":{"name":"ObtenerInfoDrones","line":130,"loc":{"start":{"line":130,"column":4},"end":{"line":132,"column":4}}},"14":{"name":"ComprobarAltitud","line":134,"loc":{"start":{"line":134,"column":4},"end":{"line":149,"column":4}}},"15":{"name":"ComprobarPesticida","line":151,"loc":{"start":{"line":151,"column":4},"end":{"line":159,"column":4}}}},"statementMap":{"1":{"start":{"line":32,"column":8},"end":{"line":32,"column":41}},"2":{"start":{"line":38,"column":8},"end":{"line":38,"column":79}},"3":{"start":{"line":43,"column":8},"end":{"line":43,"column":73}},"4":{"start":{"line":44,"column":8},"end":{"line":44,"column":90}},"5":{"start":{"line":45,"column":8},"end":{"line":45,"column":66}},"6":{"start":{"line":46,"column":8},"end":{"line":46,"column":84}},"7":{"start":{"line":48,"column":8},"end":{"line":48,"column":27}},"8":{"start":{"line":49,"column":8},"end":{"line":49,"column":45}},"9":{"start":{"line":50,"column":8},"end":{"line":50,"column":37}},"10":{"start":{"line":51,"column":8},"end":{"line":51,"column":1753}},"11":{"start":{"line":60,"column":8},"end":{"line":60,"column":32}},"12":{"start":{"line":61,"column":8},"end":{"line":61,"column":25}},"13":{"start":{"line":63,"column":8},"end":{"line":63,"column":23}},"14":{"start":{"line":68,"column":8},"end":{"line":68,"column":37}},"15":{"start":{"line":69,"column":8},"end":{"line":69,"column":19}},"16":{"start":{"line":74,"column":8},"end":{"line":74,"column":73}},"17":{"start":{"line":75,"column":8},"end":{"line":75,"column":90}},"18":{"start":{"line":76,"column":8},"end":{"line":76,"column":37}},"19":{"start":{"line":77,"column":8},"end":{"line":77,"column":37}},"20":{"start":{"line":78,"column":8},"end":{"line":78,"column":67}},"21":{"start":{"line":83,"column":8},"end":{"line":83,"column":57}},"22":{"start":{"line":84,"column":8},"end":{"line":84,"column":33}},"23":{"start":{"line":85,"column":8},"end":{"line":85,"column":19}},"24":{"start":{"line":90,"column":8},"end":{"line":90,"column":3084}},"25":{"start":{"line":91,"column":12},"end":{"line":91,"column":3165}},"26":{"start":{"line":92,"column":16},"end":{"line":92,"column":24}},"27":{"start":{"line":95,"column":8},"end":{"line":95,"column":17}},"28":{"start":{"line":100,"column":8},"end":{"line":100,"column":48}},"29":{"start":{"line":101,"column":8},"end":{"line":101,"column":3478}},"30":{"start":{"line":102,"column":12},"end":{"line":102,"column":24}},"31":{"start":{"line":104,"column":12},"end":{"line":104,"column":50}},"32":{"start":{"line":105,"column":12},"end":{"line":105,"column":23}},"33":{"start":{"line":110,"column":8},"end":{"line":110,"column":52}},"34":{"start":{"line":111,"column":8},"end":{"line":111,"column":95}},"35":{"start":{"line":112,"column":8},"end":{"line":112,"column":36}},"36":{"start":{"line":117,"column":8},"end":{"line":117,"column":48}},"37":{"start":{"line":118,"column":8},"end":{"line":118,"column":4093}},"38":{"start":{"line":119,"column":12},"end":{"line":119,"column":46}},"39":{"start":{"line":120,"column":12},"end":{"line":120,"column":23}},"40":{"start":{"line":122,"column":12},"end":{"line":122,"column":24}},"41":{"start":{"line":127,"column":8},"end":{"line":127,"column":26}},"42":{"start":{"line":131,"column":8},"end":{"line":131,"column":21}},"43":{"start":{"line":136,"column":8},"end":{"line":136,"column":4582}},"44":{"start":{"line":137,"column":12},"end":{"line":137,"column":24}},"45":{"start":{"line":139,"column":12},"end":{"line":139,"column":4735}},"46":{"start":{"line":140,"column":16},"end":{"line":140,"column":27}},"47":{"start":{"line":142,"column":16},"end":{"line":142,"column":4956}},"48":{"start":{"line":143,"column":20},"end":{"line":143,"column":31}},"49":{"start":{"line":145,"column":20},"end":{"line":145,"column":32}},"50":{"start":{"line":153,"column":8},"end":{"line":153,"column":48}},"51":{"start":{"line":154,"column":8},"end":{"line":154,"column":5421}},"52":{"start":{"line":155,"column":12},"end":{"line":155,"column":23}},"53":{"start":{"line":157,"column":12},"end":{"line":157,"column":24}}},"branchMap":{"1":{"line":32,"type":"if","locations":[{"start":{"line":32,"column":8},"end":{"line":32,"column":8}},{"start":{"line":32,"column":8},"end":{"line":32,"column":8}}]},"2":{"line":38,"type":"if","locations":[{"start":{"line":38,"column":8},"end":{"line":38,"column":8}},{"start":{"line":38,"column":8},"end":{"line":38,"column":8}}]},"3":{"line":43,"type":"if","locations":[{"start":{"line":43,"column":8},"end":{"line":43,"column":8}},{"start":{"line":43,"column":8},"end":{"line":43,"column":8}}]},"4":{"line":44,"type":"if","locations":[{"start":{"line":44,"column":8},"end":{"line":44,"column":8}},{"start":{"line":44,"column":8},"end":{"line":44,"column":8}}]},"5":{"line":45,"type":"if","locations":[{"start":{"line":45,"column":8},"end":{"line":45,"column":8}},{"start":{"line":45,"column":8},"end":{"line":45,"column":8}}]},"6":{"line":46,"type":"if","locations":[{"start":{"line":46,"column":8},"end":{"line":46,"column":8}},{"start":{"line":46,"column":8},"end":{"line":46,"column":8}}]},"7":{"line":74,"type":"if","locations":[{"start":{"line":74,"column":8},"end":{"line":74,"column":8}},{"start":{"line":74,"column":8},"end":{"line":74,"column":8}}]},"8":{"line":75,"type":"if","locations":[{"start":{"line":75,"column":8},"end":{"line":75,"column":8}},{"start":{"line":75,"column":8},"end":{"line":75,"column":8}}]},"9":{"line":83,"type":"if","locations":[{"start":{"line":83,"column":8},"end":{"line":83,"column":8}},{"start":{"line":83,"column":8},"end":{"line":83,"column":8}}]},"10":{"line":91,"type":"if","locations":[{"start":{"line":91,"column":12},"end":{"line":91,"column":12}},{"start":{"line":91,"column":12},"end":{"line":91,"column":12}}]},"11":{"line":101,"type":"if","locations":[{"start":{"line":101,"column":8},"end":{"line":101,"column":8}},{"start":{"line":101,"column":8},"end":{"line":101,"column":8}}]},"12":{"line":110,"type":"if","locations":[{"start":{"line":110,"column":8},"end":{"line":110,"column":8}},{"start":{"line":110,"column":8},"end":{"line":110,"column":8}}]},"13":{"line":118,"type":"if","locations":[{"start":{"line":118,"column":8},"end":{"line":118,"column":8}},{"start":{"line":118,"column":8},"end":{"line":118,"column":8}}]},"14":{"line":136,"type":"if","locations":[{"start":{"line":136,"column":8},"end":{"line":136,"column":8}},{"start":{"line":136,"column":8},"end":{"line":136,"column":8}}]},"15":{"line":139,"type":"if","locations":[{"start":{"line":139,"column":12},"end":{"line":139,"column":12}},{"start":{"line":139,"column":12},"end":{"line":139,"column":12}}]},"16":{"line":142,"type":"if","locations":[{"start":{"line":142,"column":16},"end":{"line":142,"column":16}},{"start":{"line":142,"column":16},"end":{"line":142,"column":16}}]},"17":{"line":154,"type":"if","locations":[{"start":{"line":154,"column":8},"end":{"line":154,"column":8}},{"start":{"line":154,"column":8},"end":{"line":154,"column":8}}]}}},
"contracts/Fumigacion.sol":{"l":{"38":3,"39":3,"40":3,"53":0,"54":0,"56":0,"57":0,"61":0,"62":0,"64":0,"72":0,"73":0,"75":0,"80":0,"82":0,"83":0,"85":0,"86":0,"88":0,"93":0,"95":0,"97":0,"100":0,"101":0,"106":0,"110":0},"path":"/Users/trabajo/Documents/apps/front_blockchain_tfe/contracts/Fumigacion.sol","s":{"1":3,"2":3,"3":3,"4":0,"5":0,"6":0,"7":0,"8":0,"9":0,"10":0,"11":0,"12":0,"13":0,"14":0,"15":0,"16":0,"17":0,"18":0,"19":0,"20":0,"21":0,"22":0,"23":0,"24":0,"25":0,"26":0},"b":{"1":[0,0],"2":[0,0],"3":[0,0],"4":[0,0],"5":[0,0],"6":[0,0]},"f":{"1":3,"2":0,"3":0,"4":0,"5":0,"6":0,"7":0},"fnMap":{"1":{"name":"constructor","line":37,"loc":{"start":{"line":37,"column":4},"end":{"line":41,"column":4}}},"2":{"name":"RealizarFumigacion","line":52,"loc":{"start":{"line":52,"column":4},"end":{"line":58,"column":4}}},"3":{"name":"SolicitarFumigacion","line":60,"loc":{"start":{"line":60,"column":4},"end":{"line":76,"column":4}}},"4":{"name":"ComprobarCompatibilidad","line":78,"loc":{"start":{"line":78,"column":4},"end":{"line":89,"column":4}}},"5":{"name":"PagarFumigacion","line":91,"loc":{"start":{"line":91,"column":4},"end":{"line":103,"column":4}}},"6":{"name":"ObtenerInfoFumigacion","line":105,"loc":{"start":{"line":105,"column":4},"end":{"line":107,"column":4}}},"7":{"name":"ObtenerInfoFumigaciones","line":109,"loc":{"start":{"line":109,"column":4},"end":{"line":111,"column":4}}}},"statementMap":{"1":{"start":{"line":38,"column":8},"end":{"line":38,"column":29}},"2":{"start":{"line":39,"column":8},"end":{"line":39,"column":20}},"3":{"start":{"line":40,"column":8},"end":{"line":40,"column":26}},"4":{"start":{"line":53,"column":8},"end":{"line":53,"column":108}},"5":{"start":{"line":54,"column":8},"end":{"line":54,"column":123}},"6":{"start":{"line":56,"column":8},"end":{"line":56,"column":73}},"7":{"start":{"line":57,"column":8},"end":{"line":57,"column":92}},"8":{"start":{"line":61,"column":8},"end":{"line":61,"column":27}},"9":{"start":{"line":62,"column":8},"end":{"line":62,"column":45}},"10":{"start":{"line":64,"column":8},"end":{"line":64,"column":2329}},"11":{"start":{"line":72,"column":8},"end":{"line":72,"column":53}},"12":{"start":{"line":73,"column":8},"end":{"line":73,"column":36}},"13":{"start":{"line":75,"column":8},"end":{"line":75,"column":23}},"14":{"start":{"line":80,"column":8},"end":{"line":80,"column":88}},"15":{"start":{"line":82,"column":8},"end":{"line":82,"column":82}},"16":{"start":{"line":83,"column":8},"end":{"line":83,"column":102}},"17":{"start":{"line":85,"column":8},"end":{"line":85,"column":102}},"18":{"start":{"line":86,"column":8},"end":{"line":86,"column":81}},"19":{"start":{"line":88,"column":8},"end":{"line":88,"column":19}},"20":{"start":{"line":93,"column":8},"end":{"line":93,"column":119}},"21":{"start":{"line":95,"column":8},"end":{"line":95,"column":137}},"22":{"start":{"line":97,"column":8},"end":{"line":97,"column":95}},"23":{"start":{"line":100,"column":8},"end":{"line":100,"column":3899}},"24":{"start":{"line":101,"column":12},"end":{"line":101,"column":73}},"25":{"start":{"line":106,"column":8},"end":{"line":106,"column":42}},"26":{"start":{"line":110,"column":8},"end":{"line":110,"column":27}}},"branchMap":{"1":{"line":53,"type":"if","locations":[{"start":{"line":53,"column":8},"end":{"line":53,"column":8}},{"start":{"line":53,"column":8},"end":{"line":53,"column":8}}]},"2":{"line":54,"type":"if","locations":[{"start":{"line":54,"column":8},"end":{"line":54,"column":8}},{"start":{"line":54,"column":8},"end":{"line":54,"column":8}}]},"3":{"line":83,"type":"if","locations":[{"start":{"line":83,"column":8},"end":{"line":83,"column":8}},{"start":{"line":83,"column":8},"end":{"line":83,"column":8}}]},"4":{"line":86,"type":"if","locations":[{"start":{"line":86,"column":8},"end":{"line":86,"column":8}},{"start":{"line":86,"column":8},"end":{"line":86,"column":8}}]},"5":{"line":97,"type":"if","locations":[{"start":{"line":97,"column":8},"end":{"line":97,"column":8}},{"start":{"line":97,"column":8},"end":{"line":97,"column":8}}]},"6":{"line":100,"type":"if","locations":[{"start":{"line":100,"column":8},"end":{"line":100,"column":8}},{"start":{"line":100,"column":8},"end":{"line":100,"column":8}}]}}},
"contracts/FumiToken.sol":{"l":{"17":0},"path":"/Users/trabajo/Documents/apps/front_blockchain_tfe/contracts/FumiToken.sol","s":{"1":0},"b":{},"f":{"1":3,"2":0},"fnMap":{"1":{"name":"constructor","line":10,"loc":{"start":{"line":10,"column":4},"end":{"line":11,"column":4}}},"2":{"name":"mint","line":15,"loc":{"start":{"line":13,"column":4},"end":{"line":18,"column":4}}}},"statementMap":{"1":{"start":{"line":17,"column":8},"end":{"line":17,"column":24}}},"branchMap":{}},
"contracts/Parcela.sol":{"l":{"32":7,"33":7,"37":11,"38":9,"40":7,"41":7,"42":7,"44":7,"52":7,"53":7,"55":7,"60":5,"61":3,"62":1,"63":1,"64":1,"69":2,"70":2,"74":5,"78":0,"83":0,"84":0,"86":0,"87":0,"89":0,"90":0,"92":0},"path":"/Users/trabajo/Documents/apps/front_blockchain_tfe/contracts/Parcela.sol","s":{"1":7,"2":11,"3":9,"4":7,"5":7,"6":7,"7":7,"8":7,"9":7,"10":7,"11":5,"12":3,"13":1,"14":1,"15":1,"16":2,"17":2,"18":5,"19":0,"20":0,"21":0,"22":0,"23":0,"24":0,"25":0,"26":0},"b":{"1":[7,0],"2":[9,2],"3":[7,2],"4":[3,2],"5":[1,2],"6":[0,0],"7":[0,0],"8":[0,0]},"f":{"1":5,"2":7,"3":11,"4":5,"5":2,"6":5,"7":0,"8":0},"fnMap":{"1":{"name":"constructor","line":27,"loc":{"start":{"line":27,"column":4},"end":{"line":28,"column":4}}},"2":{"name":"SoloPropietario","line":31,"loc":{"start":{"line":31,"column":4},"end":{"line":34,"column":4}}},"3":{"name":"CrearParcela","line":36,"loc":{"start":{"line":36,"column":4},"end":{"line":56,"column":4}}},"4":{"name":"ConfigurarAltitud","line":58,"loc":{"start":{"line":58,"column":4},"end":{"line":65,"column":4}}},"5":{"name":"ConfigurarPesticida","line":67,"loc":{"start":{"line":67,"column":4},"end":{"line":71,"column":4}}},"6":{"name":"ObtenerInfoParcela","line":73,"loc":{"start":{"line":73,"column":4},"end":{"line":75,"column":4}}},"7":{"name":"ObtenerInfoParcelas","line":77,"loc":{"start":{"line":77,"column":4},"end":{"line":79,"column":4}}},"8":{"name":"ComprobarAltitud","line":81,"loc":{"start":{"line":81,"column":4},"end":{"line":96,"column":4}}}},"statementMap":{"1":{"start":{"line":32,"column":8},"end":{"line":32,"column":41}},"2":{"start":{"line":37,"column":8},"end":{"line":37,"column":73}},"3":{"start":{"line":38,"column":8},"end":{"line":38,"column":90}},"4":{"start":{"line":40,"column":8},"end":{"line":40,"column":27}},"5":{"start":{"line":41,"column":8},"end":{"line":41,"column":45}},"6":{"start":{"line":42,"column":8},"end":{"line":42,"column":37}},"7":{"start":{"line":44,"column":8},"end":{"line":44,"column":1366}},"8":{"start":{"line":52,"column":8},"end":{"line":52,"column":37}},"9":{"start":{"line":53,"column":8},"end":{"line":53,"column":30}},"10":{"start":{"line":55,"column":8},"end":{"line":55,"column":23}},"11":{"start":{"line":60,"column":8},"end":{"line":60,"column":73}},"12":{"start":{"line":61,"column":8},"end":{"line":61,"column":90}},"13":{"start":{"line":62,"column":8},"end":{"line":62,"column":39}},"14":{"start":{"line":63,"column":8},"end":{"line":63,"column":39}},"15":{"start":{"line":64,"column":8},"end":{"line":64,"column":73}},"16":{"start":{"line":69,"column":8},"end":{"line":69,"column":43}},"17":{"start":{"line":70,"column":8},"end":{"line":70,"column":19}},"18":{"start":{"line":74,"column":8},"end":{"line":74,"column":28}},"19":{"start":{"line":78,"column":8},"end":{"line":78,"column":23}},"20":{"start":{"line":83,"column":8},"end":{"line":83,"column":2713}},"21":{"start":{"line":84,"column":12},"end":{"line":84,"column":24}},"22":{"start":{"line":86,"column":12},"end":{"line":86,"column":2870}},"23":{"start":{"line":87,"column":16},"end":{"line":87,"column":27}},"24":{"start":{"line":89,"column":16},"end":{"line":89,"column":3099}},"25":{"start":{"line":90,"column":20},"end":{"line":90,"column":31}},"26":{"start":{"line":92,"column":20},"end":{"line":92,"column":32}}},"branchMap":{"1":{"line":32,"type":"if","locations":[{"start":{"line":32,"column":8},"end":{"line":32,"column":8}},{"start":{"line":32,"column":8},"end":{"line":32,"column":8}}]},"2":{"line":37,"type":"if","locations":[{"start":{"line":37,"column":8},"end":{"line":37,"column":8}},{"start":{"line":37,"column":8},"end":{"line":37,"column":8}}]},"3":{"line":38,"type":"if","locations":[{"start":{"line":38,"column":8},"end":{"line":38,"column":8}},{"start":{"line":38,"column":8},"end":{"line":38,"column":8}}]},"4":{"line":60,"type":"if","locations":[{"start":{"line":60,"column":8},"end":{"line":60,"column":8}},{"start":{"line":60,"column":8},"end":{"line":60,"column":8}}]},"5":{"line":61,"type":"if","locations":[{"start":{"line":61,"column":8},"end":{"line":61,"column":8}},{"start":{"line":61,"column":8},"end":{"line":61,"column":8}}]},"6":{"line":83,"type":"if","locations":[{"start":{"line":83,"column":8},"end":{"line":83,"column":8}},{"start":{"line":83,"column":8},"end":{"line":83,"column":8}}]},"7":{"line":86,"type":"if","locations":[{"start":{"line":86,"column":12},"end":{"line":86,"column":12}},{"start":{"line":86,"column":12},"end":{"line":86,"column":12}}]},"8":{"line":89,"type":"if","locations":[{"start":{"line":89,"column":16},"end":{"line":89,"column":16}},{"start":{"line":89,"column":16},"end":{"line":89,"column":16}}]}}},
"contracts/Tipos.sol":{"l":{},"path":"/Users/trabajo/Documents/apps/front_blockchain_tfe/contracts/Tipos.sol","s":{},"b":{},"f":{},"fnMap":{},"statementMap":{},"branchMap":{}}}
