TN:
SF:/Users/trabajo/Documents/apps/front_blockchain_tfe/contracts/Dron.sol
FN:27,constructor
FN:31,SoloPropietario
FN:37,SoloEmpresa
FN:42,CrearDron
FN:66,ConfigurarEmpresa
FN:72,ConfigurarAltitud
FN:81,ConfigurarCoste
FN:88,BuscarPesticida
FN:98,AltaPesticida
FN:109,_QuitarPosicionArray
FN:115,BajaPesticida
FN:126,ObtenerInfoDron
FN:130,ObtenerInfoDrones
FN:134,ComprobarAltitud
FN:151,ComprobarPesticida
FNF:15
FNH:15
FNDA:69,constructor
FNDA:1,SoloPropietario
FNDA:7,SoloEmpresa
FNDA:23,CrearDron
FNDA:1,ConfigurarEmpresa
FNDA:3,ConfigurarAltitud
FNDA:2,ConfigurarCoste
FNDA:4,BuscarPesticida
FNDA:1,AltaPesticida
FNDA:1,_QuitarPosicionArray
FNDA:1,BajaPesticida
FNDA:9,ObtenerInfoDron
FNDA:2,ObtenerInfoDrones
FNDA:2,ComprobarAltitud
FNDA:2,ComprobarPesticida
DA:32,1
DA:33,1
DA:38,7
DA:39,7
DA:43,23
DA:44,22
DA:45,21
DA:46,20
DA:48,19
DA:49,19
DA:50,19
DA:51,19
DA:60,19
DA:61,19
DA:63,19
DA:68,1
DA:69,1
DA:74,3
DA:75,2
DA:76,1
DA:77,1
DA:78,1
DA:83,2
DA:84,1
DA:85,1
DA:90,4
DA:91,8
DA:92,2
DA:95,2
DA:100,1
DA:101,1
DA:102,0
DA:104,1
DA:105,1
DA:110,1
DA:111,1
DA:112,1
DA:117,1
DA:118,1
DA:119,1
DA:120,1
DA:122,0
DA:127,9
DA:131,2
DA:136,2
DA:137,1
DA:139,1
DA:140,1
DA:142,0
DA:143,0
DA:145,0
DA:153,2
DA:154,2
DA:155,1
DA:157,1
LF:55
LH:50
BRDA:32,1,0,1
BRDA:32,1,1,0
BRDA:38,2,0,7
BRDA:38,2,1,0
BRDA:43,3,0,22
BRDA:43,3,1,1
BRDA:44,4,0,21
BRDA:44,4,1,1
BRDA:45,5,0,20
BRDA:45,5,1,1
BRDA:46,6,0,19
BRDA:46,6,1,1
BRDA:74,7,0,2
BRDA:74,7,1,1
BRDA:75,8,0,1
BRDA:75,8,1,1
BRDA:83,9,0,1
BRDA:83,9,1,1
BRDA:91,10,0,2
BRDA:91,10,1,6
BRDA:101,11,0,0
BRDA:101,11,1,1
BRDA:110,12,0,1
BRDA:110,12,1,0
BRDA:118,13,0,1
BRDA:118,13,1,0
BRDA:136,14,0,1
BRDA:136,14,1,1
BRDA:139,15,0,1
BRDA:139,15,1,0
BRDA:142,16,0,0
BRDA:142,16,1,0
BRDA:154,17,0,1
BRDA:154,17,1,1
BRF:34
BRH:26
end_of_record
TN:
SF:/Users/trabajo/Documents/apps/front_blockchain_tfe/contracts/Fumigacion.sol
FN:37,constructor
FN:52,RealizarFumigacion
FN:60,SolicitarFumigacion
FN:78,ComprobarCompatibilidad
FN:91,PagarFumigacion
FN:105,ObtenerInfoFumigacion
FN:109,ObtenerInfoFumigaciones
FNF:7
FNH:1
FNDA:3,constructor
FNDA:0,RealizarFumigacion
FNDA:0,SolicitarFumigacion
FNDA:0,ComprobarCompatibilidad
FNDA:0,PagarFumigacion
FNDA:0,ObtenerInfoFumigacion
FNDA:0,ObtenerInfoFumigaciones
DA:38,3
DA:39,3
DA:40,3
DA:53,0
DA:54,0
DA:56,0
DA:57,0
DA:61,0
DA:62,0
DA:64,0
DA:72,0
DA:73,0
DA:75,0
DA:80,0
DA:82,0
DA:83,0
DA:85,0
DA:86,0
DA:88,0
DA:93,0
DA:95,0
DA:97,0
DA:100,0
DA:101,0
DA:106,0
DA:110,0
LF:26
LH:3
BRDA:53,1,0,0
BRDA:53,1,1,0
BRDA:54,2,0,0
BRDA:54,2,1,0
BRDA:83,3,0,0
BRDA:83,3,1,0
BRDA:86,4,0,0
BRDA:86,4,1,0
BRDA:97,5,0,0
BRDA:97,5,1,0
BRDA:100,6,0,0
BRDA:100,6,1,0
BRF:12
BRH:0
end_of_record
TN:
SF:/Users/trabajo/Documents/apps/front_blockchain_tfe/contracts/FumiToken.sol
FN:10,constructor
FN:15,mint
FNF:2
FNH:1
FNDA:3,constructor
FNDA:0,mint
DA:17,0
LF:1
LH:0
BRF:0
BRH:0
end_of_record
TN:
SF:/Users/trabajo/Documents/apps/front_blockchain_tfe/contracts/Migrations.sol
FN:8,restricted
FN:16,setCompleted
FNF:2
FNH:0
FNDA:0,restricted
FNDA:0,setCompleted
DA:9,0
DA:13,0
DA:17,0
LF:3
LH:0
BRDA:9,1,0,0
BRDA:9,1,1,0
BRF:2
BRH:0
end_of_record
TN:
SF:/Users/trabajo/Documents/apps/front_blockchain_tfe/contracts/Parcela.sol
FN:27,constructor
FN:31,SoloPropietario
FN:36,CrearParcela
FN:58,ConfigurarAltitud
FN:67,ConfigurarPesticida
FN:73,ObtenerInfoParcela
FN:77,ObtenerInfoParcelas
FN:81,ComprobarAltitud
FNF:8
FNH:2
FNDA:3,constructor
FNDA:0,SoloPropietario
FNDA:1,CrearParcela
FNDA:0,ConfigurarAltitud
FNDA:0,ConfigurarPesticida
FNDA:0,ObtenerInfoParcela
FNDA:0,ObtenerInfoParcelas
FNDA:0,ComprobarAltitud
DA:32,0
DA:33,0
DA:37,1
DA:38,1
DA:40,1
DA:41,1
DA:42,1
DA:44,1
DA:52,1
DA:53,1
DA:55,1
DA:60,0
DA:61,0
DA:62,0
DA:63,0
DA:64,0
DA:69,0
DA:70,0
DA:74,0
DA:78,0
DA:83,0
DA:84,0
DA:86,0
DA:87,0
DA:89,0
DA:90,0
DA:92,0
LF:27
LH:9
BRDA:32,1,0,0
BRDA:32,1,1,0
BRDA:37,2,0,1
BRDA:37,2,1,0
BRDA:38,3,0,1
BRDA:38,3,1,0
BRDA:60,4,0,0
BRDA:60,4,1,0
BRDA:61,5,0,0
BRDA:61,5,1,0
BRDA:83,6,0,0
BRDA:83,6,1,0
BRDA:86,7,0,0
BRDA:86,7,1,0
BRDA:89,8,0,0
BRDA:89,8,1,0
BRF:16
BRH:2
end_of_record
TN:
SF:/Users/trabajo/Documents/apps/front_blockchain_tfe/contracts/Tipos.sol
FNF:0
FNH:0
LF:0
LH:0
BRF:0
BRH:0
end_of_record
